[debug] [2019-10-28T12:09:11.512Z] ----------------------------------------------------------------------
[debug] [2019-10-28T12:09:11.519Z] Command:       C:\Program Files\nodejs\node.exe C:\Users\Chioma Onyepere\AppData\Roaming\npm\node_modules\firebase-tools\lib\bin\firebase.js init
[debug] [2019-10-28T12:09:11.519Z] CLI Version:   7.6.1
[debug] [2019-10-28T12:09:11.519Z] Platform:      win32
[debug] [2019-10-28T12:09:11.519Z] Node Version:  v12.11.1
[debug] [2019-10-28T12:09:11.522Z] Time:          Mon Oct 28 2019 13:09:11 GMT+0100 (West Africa Standard Time)
[debug] [2019-10-28T12:09:11.523Z] ----------------------------------------------------------------------
[debug] [2019-10-28T12:09:11.523Z] 
[debug] [2019-10-28T12:09:11.629Z] > command requires scopes: ["email","openid","https://www.googleapis.com/auth/cloudplatformprojects.readonly","https://www.googleapis.com/auth/firebase","https://www.googleapis.com/auth/cloud-platform"]
[debug] [2019-10-28T12:09:11.632Z] > authorizing via signed-in user
[info] 
     ######## #### ########  ######## ########     ###     ######  ########
     ##        ##  ##     ## ##       ##     ##  ##   ##  ##       ##
     ######    ##  ########  ######   ########  #########  ######  ######
     ##        ##  ##    ##  ##       ##     ## ##     ##       ## ##
     ##       #### ##     ## ######## ########  ##     ##  ######  ########

You're about to initialize a Firebase project in this directory:

  C:\Users\Chioma Onyepere\Documents\development\enye\copy\user-form-update-app

Before we get started, keep in mind:

  * You are initializing in an existing Firebase project directory

[info] 
=== Project Setup
[info] 
[info] First, let's associate this project directory with a Firebase project.
[info] You can create multiple project aliases by running firebase use --add, 
[info] but for now we'll just set up a default project.
[info] 
[info] i  .firebaserc already has a default project, using simpcys-form.
[debug] [2019-10-28T12:09:33.644Z] > refreshing access token with scopes: ["email","https://www.googleapis.com/auth/cloud-platform","https://www.googleapis.com/auth/cloudplatformprojects.readonly","https://www.googleapis.com/auth/firebase","openid"]
[debug] [2019-10-28T12:09:33.645Z] >>> HTTP REQUEST POST https://www.googleapis.com/oauth2/v3/token  
 <request body omitted>
[debug] [2019-10-28T12:09:36.630Z] <<< HTTP RESPONSE 200
[debug] [2019-10-28T12:09:36.661Z] >>> HTTP REQUEST GET https://firebase.googleapis.com/v1beta1/projects/simpcys-form  
 
[debug] [2019-10-28T12:09:39.895Z] <<< HTTP RESPONSE 200
[info] 
=== Database Setup
[info] 
[info] Firebase Realtime Database Rules allow you to define how your data should be
[info] structured and when your data can be read from and written to.
[info] 
